2018-06-02 12:19:32 INFO  TC001_VerifyLoginwithInvalidCredentials:31 - ------------Starting Test-------------
2018-06-02 12:19:32 INFO  LoginPage:34 - Entered Username
2018-06-02 12:19:32 INFO  LoginPage:36 - Entered Password
2018-06-02 12:19:34 INFO  LoginPage:38 - Clicked Submit
2018-06-02 12:19:41 INFO  TC001_VerifyLoginwithInvalidCredentials:42 - ------------Finished Test-------------
2018-06-02 12:57:58 INFO  TC001_VerifyLoginwithInvalidCredentials:31 - ------------Starting Test-------------
2018-06-02 12:57:58 INFO  LoginPage:32 - Entered Username
2018-06-02 12:57:58 INFO  LoginPage:34 - Entered Password
2018-06-02 12:58:01 INFO  LoginPage:36 - Clicked Submit
2018-06-02 12:58:07 INFO  TC001_VerifyLoginwithInvalidCredentials:42 - ------------Finished Test-------------
2018-06-02 12:59:11 INFO  TC001_VerifyLoginwithInvalidCredentials:31 - ------------Starting Test-------------
2018-06-02 12:59:11 INFO  LoginPage:32 - Entered Username
2018-06-02 12:59:11 INFO  LoginPage:34 - Entered Password
2018-06-02 12:59:11 INFO  LoginPage:36 - Clicked Submit
2018-06-02 13:06:31 INFO  TC001_VerifyLoginwithInvalidCredentials:31 - ------------Starting Test-------------
2018-06-02 13:06:31 INFO  LoginPage:32 - Entered Username
2018-06-02 13:06:31 INFO  LoginPage:34 - Entered Password
2018-06-02 13:06:34 INFO  LoginPage:36 - Clicked Submit
2018-06-02 13:06:40 INFO  TC001_VerifyLoginwithInvalidCredentials:42 - ------------Finished Test-------------
2018-06-02 13:18:44 INFO  TC001_VerifyLoginwithInvalidCredentials:28 - ------------Starting Test-------------
2018-06-02 13:18:44 INFO  LoginPage:32 - Entered Username
2018-06-02 13:18:44 INFO  LoginPage:34 - Entered Password
2018-06-02 13:18:45 INFO  LoginPage:36 - Clicked Submit
2018-06-02 13:18:51 INFO  TC001_VerifyLoginwithInvalidCredentials:39 - ------------Finished Test-------------
2018-06-02 13:20:05 INFO  TC001_VerifyLoginwithInvalidCredentials:28 - ------------Starting Test-------------
2018-06-02 13:20:05 INFO  LoginPage:32 - Entered Username
2018-06-02 13:20:05 INFO  LoginPage:34 - Entered Password
2018-06-02 13:20:06 INFO  LoginPage:36 - Clicked Submit
2018-06-02 13:20:12 INFO  TC001_VerifyLoginwithInvalidCredentials:39 - ------------Finished Test-------------
2018-06-02 13:28:35 INFO  TC001_VerifyLoginwithInvalidCredentials:28 - ------------Starting Test-------------
2018-06-02 13:28:35 INFO  LoginPage:32 - Entered Username
2018-06-02 13:28:35 INFO  LoginPage:34 - Entered Password
2018-06-02 13:28:36 INFO  LoginPage:36 - Clicked Submit
2018-06-02 13:28:42 INFO  TC001_VerifyLoginwithInvalidCredentials:39 - ------------Finished Test-------------
2018-06-02 14:31:21 INFO  TC001_VerifyLoginwithInvalidCredentials:37 - ------------Starting Test-------------
2018-06-02 14:31:21 INFO  LoginPage:33 - Entered Username
2018-06-02 14:31:21 INFO  LoginPage:35 - Entered Password
2018-06-02 14:32:03 INFO  LoginPage:37 - Clicked Submit
2018-06-02 14:32:08 INFO  TC001_VerifyLoginwithInvalidCredentials:48 - ------------Finished Test-------------
2018-06-02 14:32:08 INFO  TC001_VerifyLoginwithInvalidCredentials:37 - ------------Starting Test-------------
2018-06-02 14:32:35 INFO  TC001_VerifyLoginwithInvalidCredentials:37 - ------------Starting Test-------------
2018-06-02 14:32:35 INFO  TC001_VerifyLoginwithInvalidCredentials:37 - ------------Starting Test-------------
2018-06-02 14:38:36 INFO  TC001_VerifyLoginwithInvalidCredentials:39 - ------------Starting Test-------------
2018-06-02 14:38:36 INFO  LoginPage:33 - Entered Username
2018-06-02 14:38:36 INFO  LoginPage:35 - Entered Password
2018-06-02 14:38:37 INFO  LoginPage:37 - Clicked Submit
2018-06-02 14:38:40 INFO  TC001_VerifyLoginwithInvalidCredentials:47 - ------------Finished Test-------------
2018-06-02 14:38:41 INFO  TC001_VerifyLoginwithInvalidCredentials:39 - ------------Starting Test-------------
2018-06-02 14:38:44 INFO  LoginPage:33 - Entered Username
2018-06-02 14:38:44 INFO  LoginPage:35 - Entered Password
2018-06-02 14:38:44 INFO  LoginPage:37 - Clicked Submit
2018-06-02 14:39:44 INFO  TC001_VerifyLoginwithInvalidCredentials:51 - Invalid Username or password
2018-06-02 14:39:44 INFO  TC001_VerifyLoginwithInvalidCredentials:39 - ------------Starting Test-------------
2018-06-02 14:39:44 INFO  LoginPage:33 - Entered Username
2018-06-02 14:39:44 INFO  LoginPage:35 - Entered Password
2018-06-02 14:39:44 INFO  LoginPage:37 - Clicked Submit
2018-06-02 14:40:44 INFO  TC001_VerifyLoginwithInvalidCredentials:51 - Invalid Username or password
2018-06-02 14:40:44 INFO  TC001_VerifyLoginwithInvalidCredentials:39 - ------------Starting Test-------------
2018-06-02 14:40:44 INFO  LoginPage:33 - Entered Username
2018-06-02 14:40:45 INFO  LoginPage:35 - Entered Password
2018-06-02 14:40:45 INFO  LoginPage:37 - Clicked Submit
2018-06-02 14:41:45 INFO  TC001_VerifyLoginwithInvalidCredentials:51 - Invalid Username or password
2018-06-02 14:44:53 INFO  TC001_VerifyLoginwithInvalidCredentials:44 - ------------Starting Test-------------
2018-06-02 14:44:53 INFO  LoginPage:34 - Entered Username coadmin
2018-06-02 14:44:53 INFO  LoginPage:37 - Entered Password Admin@123
2018-06-02 14:44:54 INFO  LoginPage:39 - Clicked Submit
2018-06-02 14:44:57 INFO  TC001_VerifyLoginwithInvalidCredentials:52 - ------------Finished Test-------------
2018-06-02 14:44:57 INFO  TC001_VerifyLoginwithInvalidCredentials:44 - ------------Starting Test-------------
2018-06-02 14:44:59 INFO  LoginPage:34 - Entered Username Administrator
2018-06-02 14:44:59 INFO  LoginPage:37 - Entered Password Admin@123
2018-06-02 14:44:59 INFO  LoginPage:39 - Clicked Submit
2018-06-02 14:45:01 INFO  TC001_VerifyLoginwithInvalidCredentials:52 - ------------Finished Test-------------
2018-06-02 14:45:01 INFO  TC001_VerifyLoginwithInvalidCredentials:44 - ------------Starting Test-------------
2018-06-02 14:45:03 INFO  LoginPage:34 - Entered Username Administrator
2018-06-02 14:45:03 INFO  LoginPage:37 - Entered Password Admin@1234
2018-06-02 14:45:03 INFO  LoginPage:39 - Clicked Submit
2018-06-02 14:46:03 INFO  TC001_VerifyLoginwithInvalidCredentials:56 - Invalid Username or password
2018-06-02 14:53:20 INFO  TC001_VerifyLoginwithInvalidCredentials:44 - ------------Starting Test-------------
2018-06-02 14:53:20 INFO  LoginPage:34 - Entered Username coadmin
2018-06-02 14:53:20 INFO  LoginPage:37 - Entered Password Admin@123
2018-06-02 14:53:21 INFO  LoginPage:39 - Clicked Submit
2018-06-02 14:53:24 INFO  TC001_VerifyLoginwithInvalidCredentials:51 - ------------Finished Test-------------
2018-06-02 14:53:25 INFO  TC001_VerifyLoginwithInvalidCredentials:44 - ------------Starting Test-------------
2018-06-02 14:53:26 INFO  LoginPage:34 - Entered Username Administrator
2018-06-02 14:53:27 INFO  LoginPage:37 - Entered Password Admin@123d
2018-06-02 14:53:27 INFO  LoginPage:39 - Clicked Submit
2018-06-02 14:54:27 INFO  TC001_VerifyLoginwithInvalidCredentials:44 - ------------Starting Test-------------
2018-06-02 14:54:27 INFO  LoginPage:34 - Entered Username Administrator
2018-06-02 14:54:27 INFO  LoginPage:37 - Entered Password Admin@123
2018-06-02 14:54:28 INFO  LoginPage:39 - Clicked Submit
2018-06-02 14:54:29 INFO  TC001_VerifyLoginwithInvalidCredentials:51 - ------------Finished Test-------------
2018-06-02 20:53:02 INFO  TC001_VerifyLoginwithInvalidCredentials:44 - ------------Starting Test-------------
2018-06-02 20:53:03 INFO  TC001_VerifyLoginwithInvalidCredentials:44 - ------------Starting Test-------------
2018-06-02 20:53:03 INFO  TC001_VerifyLoginwithInvalidCredentials:44 - ------------Starting Test-------------
2018-06-02 20:53:42 INFO  TC001_VerifyLoginwithInvalidCredentials:44 - ------------Starting Test-------------
2018-06-02 20:53:42 INFO  LoginPage:34 - Entered Username coadmin
2018-06-02 20:53:42 INFO  LoginPage:37 - Entered Password Admin@123
2018-06-02 20:53:45 INFO  LoginPage:39 - Clicked Submit
2018-06-02 20:53:49 INFO  TC001_VerifyLoginwithInvalidCredentials:52 - ------------Finished Test-------------
2018-06-02 20:53:49 INFO  TC001_VerifyLoginwithInvalidCredentials:44 - ------------Starting Test-------------
2018-06-02 20:53:51 INFO  LoginPage:34 - Entered Username Administrator
2018-06-02 20:53:51 INFO  LoginPage:37 - Entered Password Admin@123d
2018-06-02 20:53:51 INFO  LoginPage:39 - Clicked Submit
2018-06-02 20:54:52 INFO  TC001_VerifyLoginwithInvalidCredentials:44 - ------------Starting Test-------------
2018-06-02 20:54:52 INFO  LoginPage:34 - Entered Username Administrator
2018-06-02 20:54:52 INFO  LoginPage:37 - Entered Password Admin@123
2018-06-02 20:54:53 INFO  LoginPage:39 - Clicked Submit
2018-06-02 20:54:55 INFO  TC001_VerifyLoginwithInvalidCredentials:52 - ------------Finished Test-------------
2018-06-03 20:07:04 INFO  TC001_VerifyLoginwithInvalidCredentials:44 - ------------Starting Test-------------
2018-06-03 20:07:04 INFO  LoginPage:34 - Entered Username coadmin
2018-06-03 20:07:04 INFO  LoginPage:37 - Entered Password Admin@123
2018-06-03 20:07:14 INFO  LoginPage:39 - Clicked Submit
2018-06-03 20:07:17 INFO  TC001_VerifyLoginwithInvalidCredentials:52 - ------------Finished Test-------------
2018-06-03 20:07:17 INFO  TC001_VerifyLoginwithInvalidCredentials:44 - ------------Starting Test-------------
2018-06-03 20:07:20 INFO  LoginPage:34 - Entered Username Administrator
2018-06-03 20:07:20 INFO  LoginPage:37 - Entered Password Admin@123d
2018-06-03 20:07:21 INFO  LoginPage:39 - Clicked Submit
2018-06-03 20:08:22 INFO  TC001_VerifyLoginwithInvalidCredentials:44 - ------------Starting Test-------------
2018-06-03 20:08:22 INFO  LoginPage:34 - Entered Username Administrator
2018-06-03 20:08:22 INFO  LoginPage:37 - Entered Password Admin@123
2018-06-03 20:08:23 INFO  LoginPage:39 - Clicked Submit
2018-06-03 20:08:25 INFO  TC001_VerifyLoginwithInvalidCredentials:52 - ------------Finished Test-------------
2018-06-05 18:08:00 INFO  TC001_VerifyLoginwithInvalidCredentials:44 - ------------Starting Test-------------
2018-06-05 18:08:00 INFO  LoginPage:34 - Entered Username coadmin
2018-06-05 18:08:00 INFO  LoginPage:37 - Entered Password Admin@123
2018-06-05 18:08:02 INFO  LoginPage:39 - Clicked Submit
2018-06-05 18:08:43 INFO  TC001_VerifyLoginwithInvalidCredentials:44 - ------------Starting Test-------------
2018-06-05 18:08:43 INFO  LoginPage:34 - Entered Username coadmin
2018-06-05 18:08:43 INFO  LoginPage:37 - Entered Password Admin@123
2018-06-05 18:08:44 INFO  LoginPage:39 - Clicked Submit
2018-06-05 18:08:47 INFO  TC001_VerifyLoginwithInvalidCredentials:44 - ------------Starting Test-------------
2018-06-05 18:09:48 INFO  TC001_VerifyLoginwithInvalidCredentials:44 - ------------Starting Test-------------
2018-06-05 18:11:43 INFO  TC001_VerifyLoginwithInvalidCredentials:44 - ------------Starting Test-------------
2018-06-05 18:11:43 INFO  LoginPage:34 - Entered Username coadmin
2018-06-05 18:11:43 INFO  LoginPage:37 - Entered Password Admin@123
2018-06-05 18:11:47 INFO  LoginPage:39 - Clicked Submit
2018-06-05 18:11:50 INFO  TC001_VerifyLoginwithInvalidCredentials:44 - ------------Starting Test-------------
2018-06-05 20:16:58 INFO  TC001_VerifyLoginwithInvalidCredentials:44 - ------------Starting Test-------------
2018-06-05 20:16:58 INFO  LoginPage:34 - Entered Username coadmin
2018-06-05 20:16:58 INFO  LoginPage:37 - Entered Password Admin@123
2018-06-05 20:17:00 INFO  LoginPage:39 - Clicked Submit
2018-06-05 20:17:11 INFO  TC001_VerifyLoginwithInvalidCredentials:44 - ------------Starting Test-------------
2018-06-05 20:17:13 INFO  LoginPage:34 - Entered Username Administrator
2018-06-05 20:17:14 INFO  LoginPage:37 - Entered Password Admin@123d
2018-06-05 20:17:14 INFO  LoginPage:39 - Clicked Submit
2018-06-05 20:19:16 INFO  TC001_VerifyLoginwithInvalidCredentials:44 - ------------Starting Test-------------
2018-06-05 20:19:16 INFO  LoginPage:34 - Entered Username Administrator
2018-06-05 20:19:16 INFO  LoginPage:37 - Entered Password Admin@123
2018-06-05 20:19:17 INFO  LoginPage:39 - Clicked Submit
2018-06-06 07:57:35 INFO  TC001_VerifyLoginwithInvalidCredentials:44 - ------------Starting Test-------------
2018-06-06 07:57:35 INFO  LoginPage:34 - Entered Username coadmin
2018-06-06 07:57:35 INFO  LoginPage:37 - Entered Password Admin@123
2018-06-06 07:57:37 INFO  LoginPage:39 - Clicked Submit
2018-06-06 07:57:44 INFO  TestBase:111 - Browser Closed
2018-06-06 07:59:13 INFO  TC001_VerifyLoginwithInvalidCredentials:44 - ------------Starting Test-------------
2018-06-06 07:59:14 INFO  LoginPage:34 - Entered Username coadmin
2018-06-06 07:59:14 INFO  LoginPage:37 - Entered Password Admin@123
2018-06-06 07:59:15 INFO  LoginPage:39 - Clicked Submit
2018-06-06 07:59:22 INFO  TestBase:111 - Browser Closed
2018-06-06 08:04:41 INFO  TC001_VerifyLoginwithInvalidCredentials:44 - ------------Starting Test-------------
2018-06-06 08:04:41 INFO  LoginPage:34 - Entered Username coadmin
2018-06-06 08:04:41 INFO  LoginPage:37 - Entered Password Admin@123
2018-06-06 08:04:42 INFO  LoginPage:39 - Clicked Submit
2018-06-06 08:04:46 INFO  TC001_VerifyLoginwithInvalidCredentials:44 - ------------Starting Test-------------
2018-06-06 08:04:46 INFO  LoginPage:34 - Entered Username Administrator
2018-06-06 08:04:46 INFO  LoginPage:37 - Entered Password Admin@123d
2018-06-06 08:04:46 INFO  LoginPage:39 - Clicked Submit
2018-06-06 08:06:48 INFO  TC001_VerifyLoginwithInvalidCredentials:44 - ------------Starting Test-------------
2018-06-06 08:06:48 INFO  LoginPage:34 - Entered Username Administrator
2018-06-06 08:06:48 INFO  LoginPage:37 - Entered Password Admin@123
2018-06-06 08:06:49 INFO  LoginPage:39 - Clicked Submit
2018-06-06 08:06:54 INFO  TestBase:111 - Browser Closed
2018-06-06 14:07:21 INFO  TC001_VerifyLoginwithInvalidCredentials:44 - ------------Starting Test-------------
2018-06-06 14:07:21 INFO  LoginPage:34 - Entered Username coadmin
2018-06-06 14:07:21 INFO  LoginPage:37 - Entered Password Admin@123
2018-06-06 14:07:47 INFO  LoginPage:39 - Clicked Submit
2018-06-06 14:07:49 INFO  TC001_VerifyLoginwithInvalidCredentials:44 - ------------Starting Test-------------
2018-06-06 14:07:50 INFO  LoginPage:34 - Entered Username Administrator
2018-06-06 14:07:50 INFO  LoginPage:37 - Entered Password Admin@123d
2018-06-06 14:07:50 INFO  LoginPage:39 - Clicked Submit
2018-06-06 14:09:51 INFO  TC001_VerifyLoginwithInvalidCredentials:44 - ------------Starting Test-------------
2018-06-06 14:09:51 INFO  LoginPage:34 - Entered Username Administrator
2018-06-06 14:09:51 INFO  LoginPage:37 - Entered Password Admin@123
2018-06-06 14:09:52 INFO  LoginPage:39 - Clicked Submit
2018-06-06 14:09:57 INFO  TestBase:134 - Browser Closed
2018-06-06 15:03:42 INFO  TC001_VerifyLoginwithInvalidCredentials:44 - ------------Starting Test-------------
2018-06-06 15:03:42 INFO  LoginPage:34 - Entered Username coadmin
2018-06-06 15:03:42 INFO  LoginPage:37 - Entered Password Admin@123
2018-06-06 15:03:44 INFO  LoginPage:39 - Clicked Submit
2018-06-06 15:03:46 INFO  TC001_VerifyLoginwithInvalidCredentials:44 - ------------Starting Test-------------
2018-06-06 15:03:47 INFO  LoginPage:34 - Entered Username coadmin
2018-06-06 15:03:47 INFO  LoginPage:37 - Entered Password Admin@123
2018-06-06 15:03:48 INFO  LoginPage:39 - Clicked Submit
2018-06-06 15:03:49 INFO  TC001_VerifyLoginwithInvalidCredentials:44 - ------------Starting Test-------------
2018-06-06 15:03:50 INFO  LoginPage:34 - Entered Username coadmin
2018-06-06 15:03:50 INFO  LoginPage:37 - Entered Password Admin@123
2018-06-06 15:03:51 INFO  LoginPage:39 - Clicked Submit
2018-06-06 15:03:54 INFO  TC001_VerifyLoginwithInvalidCredentials:44 - ------------Starting Test-------------
2018-06-06 15:03:54 INFO  LoginPage:34 - Entered Username Administrator
2018-06-06 15:03:54 INFO  LoginPage:37 - Entered Password Admin@123d
2018-06-06 15:03:54 INFO  LoginPage:39 - Clicked Submit
2018-06-06 15:04:49 INFO  TC001_VerifyLoginwithInvalidCredentials:44 - ------------Starting Test-------------
2018-06-06 15:06:36 INFO  TC001_VerifyLoginwithInvalidCredentials:44 - ------------Starting Test-------------
2018-06-06 15:06:36 INFO  LoginPage:34 - Entered Username coadmin
2018-06-06 15:06:37 INFO  LoginPage:37 - Entered Password Admin@123
2018-06-06 15:06:38 INFO  LoginPage:39 - Clicked Submit
2018-06-06 15:06:40 INFO  TC001_VerifyLoginwithInvalidCredentials:44 - ------------Starting Test-------------
2018-06-06 15:06:41 INFO  LoginPage:34 - Entered Username coadmin
2018-06-06 15:06:41 INFO  LoginPage:37 - Entered Password Admin@123
2018-06-06 15:06:41 INFO  LoginPage:39 - Clicked Submit
2018-06-06 15:06:43 INFO  TC001_VerifyLoginwithInvalidCredentials:44 - ------------Starting Test-------------
2018-06-06 15:06:44 INFO  LoginPage:34 - Entered Username coadmin
2018-06-06 15:06:44 INFO  LoginPage:37 - Entered Password Admin@123
2018-06-06 15:06:44 INFO  LoginPage:39 - Clicked Submit
2018-06-06 15:06:49 INFO  TestBase:134 - Browser Closed
2018-06-06 15:08:01 INFO  TC001_VerifyLoginwithInvalidCredentials:44 - ------------Starting Test-------------
2018-06-06 15:08:01 INFO  LoginPage:34 - Entered Username coadmin
2018-06-06 15:08:01 INFO  LoginPage:37 - Entered Password Admin@123
2018-06-06 15:08:02 INFO  LoginPage:39 - Clicked Submit
2018-06-06 15:08:05 INFO  TC001_VerifyLoginwithInvalidCredentials:44 - ------------Starting Test-------------
2018-06-06 15:08:06 INFO  LoginPage:34 - Entered Username coadmin
2018-06-06 15:08:06 INFO  LoginPage:37 - Entered Password Admin@123
2018-06-06 15:08:07 INFO  LoginPage:39 - Clicked Submit
2018-06-06 15:08:09 INFO  TC001_VerifyLoginwithInvalidCredentials:44 - ------------Starting Test-------------
2018-06-06 15:08:09 INFO  LoginPage:34 - Entered Username coadmin
2018-06-06 15:08:10 INFO  LoginPage:37 - Entered Password Admin@123
2018-06-06 15:08:10 INFO  LoginPage:39 - Clicked Submit
2018-06-06 15:08:14 INFO  TestBase:134 - Browser Closed
2018-06-07 07:58:14 INFO  TC001_VerifyLoginwithInvalidCredentials:44 - ------------Starting Test-------------
2018-06-07 07:58:14 INFO  LoginPage:34 - Entered Username coadmin
2018-06-07 07:58:14 INFO  LoginPage:37 - Entered Password Admin@123
2018-06-07 07:58:16 INFO  LoginPage:39 - Clicked Submit
2018-06-07 07:58:20 INFO  TC001_VerifyLoginwithInvalidCredentials:55 - ------------Finished Test-------------
2018-06-07 07:58:23 INFO  TestBase:134 - Browser Closed
2018-06-07 07:59:53 INFO  TC001_VerifyLoginwithInvalidCredentials:44 - ------------Starting Test-------------
2018-06-07 07:59:53 INFO  LoginPage:34 - Entered Username coadmin
2018-06-07 07:59:53 INFO  LoginPage:37 - Entered Password Admin@123
2018-06-07 07:59:55 INFO  LoginPage:39 - Clicked Submit
2018-06-07 07:59:59 INFO  TC001_VerifyLoginwithInvalidCredentials:55 - ------------Finished Test-------------
2018-06-07 07:59:59 INFO  TC001_VerifyLoginwithInvalidCredentials:44 - ------------Starting Test-------------
2018-06-07 08:00:00 INFO  LoginPage:34 - Entered Username abcd
2018-06-07 08:00:00 INFO  LoginPage:37 - Entered Password abcd
2018-06-07 08:00:00 INFO  LoginPage:39 - Clicked Submit
2018-06-07 08:01:00 INFO  TC001_VerifyLoginwithInvalidCredentials:44 - ------------Starting Test-------------
2018-06-07 08:01:00 INFO  LoginPage:34 - Entered Username abcd
2018-06-07 08:01:00 INFO  LoginPage:37 - Entered Password abcd
2018-06-07 08:01:01 INFO  LoginPage:39 - Clicked Submit
2018-06-07 08:02:01 INFO  TC001_VerifyLoginwithInvalidCredentials:44 - ------------Starting Test-------------
2018-06-07 08:02:01 INFO  LoginPage:34 - Entered Username abcd
2018-06-07 08:02:01 INFO  LoginPage:37 - Entered Password abcd
2018-06-07 08:02:04 INFO  LoginPage:39 - Clicked Submit
2018-06-07 08:03:05 INFO  TC001_VerifyLoginwithInvalidCredentials:44 - ------------Starting Test-------------
2018-06-07 08:03:06 INFO  LoginPage:34 - Entered Username Administrator
2018-06-07 08:03:06 INFO  LoginPage:37 - Entered Password Admin@123
2018-06-07 08:03:07 INFO  LoginPage:39 - Clicked Submit
2018-06-07 08:03:09 INFO  TC001_VerifyLoginwithInvalidCredentials:55 - ------------Finished Test-------------
2018-06-07 08:03:12 INFO  TestBase:134 - Browser Closed
2018-06-08 15:06:33 INFO  TC001_VerifyLoginwithInvalidCredentials:44 - ------------Starting Test-------------
2018-06-08 15:06:33 INFO  LoginPage:34 - Entered Username coadmin
2018-06-08 15:06:33 INFO  LoginPage:37 - Entered Password Admin@123
2018-06-08 15:06:36 INFO  LoginPage:39 - Clicked Submit
2018-06-08 15:07:36 INFO  TC001_VerifyLoginwithInvalidCredentials:44 - ------------Starting Test-------------
2018-06-08 15:08:36 INFO  TC001_VerifyLoginwithInvalidCredentials:44 - ------------Starting Test-------------
2018-06-08 15:09:37 INFO  TC001_VerifyLoginwithInvalidCredentials:44 - ------------Starting Test-------------
2018-06-08 15:10:37 INFO  TC001_VerifyLoginwithInvalidCredentials:44 - ------------Starting Test-------------
2018-06-08 15:11:37 INFO  TC001_VerifyLoginwithInvalidCredentials:44 - ------------Starting Test-------------
2018-06-08 15:12:38 INFO  TC001_VerifyLoginwithInvalidCredentials:44 - ------------Starting Test-------------
2018-06-08 15:13:42 INFO  TestBase:133 - Browser Closed
2018-06-09 00:12:43 INFO  TC001_VerifyLoginwithInvalidCredentials:44 - ------------Starting Test-------------
2018-06-09 00:12:46 INFO  TC001_VerifyLoginwithInvalidCredentials:44 - ------------Starting Test-------------
2018-06-09 00:12:46 INFO  TC001_VerifyLoginwithInvalidCredentials:44 - ------------Starting Test-------------
